WARNING: Using incubator modules: jdk.incubator.vector, jdk.incubator.foreign
Oct 12, 2024 7:50:20 AM org.apache.aries.spifly.BaseActivator log
INFO: Registered provider ch.qos.logback.classic.servlet.LogbackServletContainerInitializer of service jakarta.servlet.ServletContainerInitializer in bundle ch.qos.logback.classic
Oct 12, 2024 7:50:20 AM org.apache.aries.spifly.BaseActivator log
INFO: Registered provider ch.qos.logback.classic.spi.LogbackServiceProvider of service org.slf4j.spi.SLF4JServiceProvider in bundle ch.qos.logback.classic
Oct 12, 2024 8:12:10 AM com.microsoft.java.debug.plugin.internal.JavaDebuggerServerPlugin start
INFO: Starting com.microsoft.java.debug.plugin
[Error - 8:13:29 AM] Oct 12, 2024, 8:13:29 AM JavaBuilder handling ImageBuilderInternalException while building: jdt.ls-java-project
'8en8' is not a valid Java identifier
Java Model Exception: Error in Java Model (code -1): '8en8' is not a valid Java identifier
	at org.eclipse.jdt.internal.core.JavaElement.newJavaModelException(JavaElement.java:574)
	at org.eclipse.jdt.internal.core.Openable.generateInfos(Openable.java:233)
	at org.eclipse.jdt.internal.core.SourceRefElement.generateInfos(SourceRefElement.java:128)
	at org.eclipse.jdt.internal.core.JavaElement.openWhenClosed(JavaElement.java:585)
	at org.eclipse.jdt.internal.core.JavaElement.getElementInfo(JavaElement.java:308)
	at org.eclipse.jdt.internal.core.JavaElement.getElementInfo(JavaElement.java:294)
	at org.eclipse.jdt.internal.core.Member.getNameRange(Member.java:399)
	at org.eclipse.jdt.internal.core.builder.AbstractImageBuilder.createProblemFor(AbstractImageBuilder.java:443)
	at org.eclipse.jdt.internal.core.builder.AbstractImageBuilder.acceptResult(AbstractImageBuilder.java:194)
	at org.eclipse.jdt.internal.compiler.Compiler.processCompiledUnits(Compiler.java:614)
	at org.eclipse.jdt.internal.compiler.Compiler.compile(Compiler.java:474)
	at org.eclipse.jdt.internal.compiler.Compiler.compile(Compiler.java:425)
	at org.eclipse.jdt.internal.core.builder.AbstractImageBuilder.compile(AbstractImageBuilder.java:410)
	at org.eclipse.jdt.internal.core.builder.IncrementalImageBuilder.compile(IncrementalImageBuilder.java:370)
	at org.eclipse.jdt.internal.core.builder.AbstractImageBuilder.compile(AbstractImageBuilder.java:341)
	at org.eclipse.jdt.internal.core.builder.IncrementalImageBuilder.incrementalBuildLoop(IncrementalImageBuilder.java:190)
	at org.eclipse.jdt.internal.core.builder.IncrementalImageBuilder.build(IncrementalImageBuilder.java:147)
	at org.eclipse.jdt.internal.core.builder.JavaBuilder.buildDeltas(JavaBuilder.java:304)
	at org.eclipse.jdt.internal.core.builder.JavaBuilder.build(JavaBuilder.java:221)
	at org.eclipse.core.internal.events.BuildManager$2.run(BuildManager.java:1077)
	at org.eclipse.core.runtime.SafeRunner.run(SafeRunner.java:47)
	at org.eclipse.core.internal.events.BuildManager.basicBuild(BuildManager.java:296)
	at org.eclipse.core.internal.events.BuildManager.basicBuild(BuildManager.java:352)
	at org.eclipse.core.internal.events.BuildManager$1.run(BuildManager.java:441)
	at org.eclipse.core.runtime.SafeRunner.run(SafeRunner.java:47)
	at org.eclipse.core.internal.events.BuildManager.basicBuild(BuildManager.java:444)
	at org.eclipse.core.internal.events.BuildManager.basicBuildLoop(BuildManager.java:555)
	at org.eclipse.core.internal.events.BuildManager.basicBuildLoop(BuildManager.java:503)
	at org.eclipse.core.internal.events.BuildManager.build(BuildManager.java:585)
	at org.eclipse.core.internal.events.AutoBuildJob.doBuild(AutoBuildJob.java:207)
	at org.eclipse.core.internal.events.AutoBuildJob.run(AutoBuildJob.java:300)
	at org.eclipse.core.internal.jobs.Worker.run(Worker.java:63)

[Error - 8:13:29 AM] Oct 12, 2024, 8:13:29 AM Unable to load IDecompiler class for jarFileContentProvider
