Initializing document watcher...
Document watcher initialized
/User/settings.json: Using EditorConfig core...
student_01_455002050396/guestbook-frontend/mvnw.cmd: {}
student_01_455002050396/guestbook-frontend/pom.xml: {}
student_01_455002050396/guestbook-frontend/pom.xml: Using EditorConfig core...
student_01_455002050396/guestbook-frontend/pom.xml: {}
student_01_455002050396/guestbook-frontend/pom.xml: {}
student_01_455002050396/guestbook-frontend/pom.xml: {}
student_01_455002050396/guestbook-frontend/pom.xml: Using EditorConfig core...
student_01_455002050396/guestbook-frontend/pom.xml: Using EditorConfig core...
student_01_455002050396/guestbook-frontend/pom.xml: {}
student_01_455002050396/guestbook-frontend/pom.xml: {}
student_01_455002050396/guestbook-frontend/pom.xml: {}
student_01_455002050396/guestbook-frontend/src/main/resources/templates/index.html: {}
student_01_455002050396/guestbook-frontend/src/main/resources/templates/index.html: {}
student_01_455002050396/guestbook-frontend/src/main/resources/templates/index.html: {}
student_01_455002050396/guestbook-frontend/src/main/resources/templates/index.html: {}
student_01_455002050396/guestbook-frontend/src/main/resources/templates/index.html: {}
student_01_455002050396/guestbook-frontend/src/main/resources/templates/index.html: Using EditorConfig core...
student_01_455002050396/guestbook-frontend/src/main/resources/templates/index.html: Using EditorConfig core...
student_01_455002050396/guestbook-frontend/src/main/resources/templates/index.html: Using EditorConfig core...
student_01_455002050396/guestbook-frontend/src/main/resources/templates/index.html: {}
student_01_455002050396/guestbook-frontend/src/main/resources/templates/index.html: Using EditorConfig core...
student_01_455002050396/guestbook-frontend/src/main/resources/templates/index.html: {}
student_01_455002050396/guestbook-frontend/src/main/resources/templates/index.html: {}
student_01_455002050396/guestbook-frontend/src/main/resources/templates/index.html: {}
student_01_455002050396/guestbook-frontend/src/main/resources/templates/index.html: Using EditorConfig core...
student_01_455002050396/guestbook-frontend/src/main/resources/templates/index.html: Using EditorConfig core...
student_01_455002050396/guestbook-frontend/src/main/resources/templates/index.html: {}
student_01_455002050396/guestbook-frontend/src/main/resources/templates/index.html: Using EditorConfig core...
student_01_455002050396/guestbook-frontend/src/main/resources/templates/index.html: {}
student_01_455002050396/guestbook-frontend/src/main/resources/templates/index.html: {}
student_01_455002050396/guestbook-frontend/src/main/resources/templates/index.html: Using EditorConfig core...
student_01_455002050396/guestbook-frontend/src/main/resources/templates/index.html: {}
student_01_455002050396/guestbook-frontend/src/main/resources/templates/index.html: Using EditorConfig core...
student_01_455002050396/guestbook-frontend/src/main/resources/templates/index.html: Using EditorConfig core...
student_01_455002050396/guestbook-frontend/src/main/resources/templates/index.html: {}
student_01_455002050396/guestbook-frontend/src/main/resources/templates/index.html: {}
student_01_455002050396/guestbook-frontend/src/main/resources/templates/index.html: {}
student_01_455002050396/guestbook-frontend/src/main/resources/templates/index.html: Using EditorConfig core...
student_01_455002050396/guestbook-frontend/src/main/resources/templates/index.html: {}
student_01_455002050396/guestbook-frontend/src/main/java/com/example/frontend/FrontendController.java: {}
student_01_455002050396/guestbook-frontend/src/main/java/com/example/frontend/FrontendController.java: {}
student_01_455002050396/guestbook-frontend/src/main/java/com/example/frontend/FrontendController.java: {}
student_01_455002050396/guestbook-frontend/src/main/java/com/example/frontend/FrontendController.java: {}
student_01_455002050396/guestbook-frontend/src/main/java/com/example/frontend/FrontendController.java: Using EditorConfig core...
student_01_455002050396/guestbook-frontend/src/main/java/com/example/frontend/FrontendController.java: Using EditorConfig core...
student_01_455002050396/guestbook-frontend/src/main/java/com/example/frontend/FrontendController.java: {}
student_01_455002050396/guestbook-frontend/src/main/java/com/example/frontend/FrontendController.java: Using EditorConfig core...
student_01_455002050396/guestbook-frontend/src/main/java/com/example/frontend/FrontendController.java: Using EditorConfig core...
student_01_455002050396/guestbook-frontend/src/main/java/com/example/frontend/FrontendController.java: Using EditorConfig core...
student_01_455002050396/guestbook-frontend/src/main/java/com/example/frontend/FrontendController.java: Using EditorConfig core...
student_01_455002050396/guestbook-frontend/src/main/java/com/example/frontend/FrontendController.java: Using EditorConfig core...
student_01_455002050396/guestbook-frontend/src/main/java/com/example/frontend/FrontendController.java: Using EditorConfig core...
student_01_455002050396/guestbook-frontend/src/main/java/com/example/frontend/FrontendController.java: Using EditorConfig core...
student_01_455002050396/guestbook-frontend/src/main/java/com/example/frontend/FrontendController.java: Using EditorConfig core...
student_01_455002050396/guestbook-frontend/src/main/java/com/example/frontend/FrontendController.java: Using EditorConfig core...
student_01_455002050396/guestbook-frontend/src/main/java/com/example/frontend/FrontendController.java: {}
student_01_455002050396/guestbook-frontend/src/main/java/com/example/frontend/FrontendController.java: {}
student_01_455002050396/guestbook-frontend/src/main/java/com/example/frontend/FrontendController.java: {}
student_01_455002050396/guestbook-frontend/src/main/java/com/example/frontend/FrontendController.java: Using EditorConfig core...
student_01_455002050396/guestbook-frontend/src/main/java/com/example/frontend/FrontendController.java: {}
student_01_455002050396/guestbook-frontend/src/main/java/com/example/frontend/FrontendController.java: {}
student_01_455002050396/guestbook-frontend/src/main/java/com/example/frontend/FrontendController.java: {}
student_01_455002050396/guestbook-frontend/src/main/java/com/example/frontend/FrontendController.java: {}
student_01_455002050396/guestbook-frontend/src/main/java/com/example/frontend/FrontendController.java: Using EditorConfig core...
student_01_455002050396/guestbook-frontend/src/main/java/com/example/frontend/FrontendController.java: {}
student_01_455002050396/guestbook-frontend/src/main/java/com/example/frontend/FrontendController.java: Using EditorConfig core...
student_01_455002050396/guestbook-frontend/src/main/java/com/example/frontend/FrontendController.java: {}
student_01_455002050396/guestbook-frontend/src/main/java/com/example/frontend/FrontendController.java: Using EditorConfig core...
student_01_455002050396/guestbook-frontend/src/main/java/com/example/frontend/FrontendController.java: Using EditorConfig core...
student_01_455002050396/guestbook-frontend/src/main/java/com/example/frontend/FrontendController.java: {}
student_01_455002050396/guestbook-frontend/src/main/java/com/example/frontend/FrontendController.java: {}
student_01_455002050396/guestbook-frontend/src/main/java/com/example/frontend/FrontendController.java: {}
student_01_455002050396/guestbook-frontend/src/main/java/com/example/frontend/FrontendController.java: Using EditorConfig core...
student_01_455002050396/guestbook-frontend/src/main/java/com/example/frontend/FrontendController.java: {}
student_01_455002050396/guestbook-frontend/src/main/java/com/example/frontend/FrontendController.java: {}
student_01_455002050396/guestbook-frontend/src/main/java/com/example/frontend/FrontendController.java: Using EditorConfig core...
student_01_455002050396/guestbook-frontend/src/main/java/com/example/frontend/FrontendController.java: Using EditorConfig core...
student_01_455002050396/guestbook-frontend/src/main/java/com/example/frontend/FrontendController.java: {}
student_01_455002050396/guestbook-frontend/src/main/resources/templates/index.html: {}
student_01_455002050396/guestbook-frontend/src/main/resources/templates/index.html: {}
student_01_455002050396/guestbook-frontend/src/main/resources/templates/index.html: {}
student_01_455002050396/guestbook-frontend/src/main/resources/templates/index.html: {}
student_01_455002050396/guestbook-frontend/src/main/resources/templates/index.html: {}
student_01_455002050396/guestbook-frontend/src/main/resources/templates/index.html: Using EditorConfig core...
student_01_455002050396/guestbook-frontend/src/main/resources/templates/index.html: {}
student_01_455002050396/guestbook-frontend/src/main/resources/templates/index.html: Using EditorConfig core...
student_01_455002050396/guestbook-frontend/src/main/resources/templates/index.html: {}
student_01_455002050396/guestbook-frontend/src/main/resources/templates/index.html: {}
student_01_455002050396/guestbook-frontend/src/main/resources/application.properties: {}
student_01_455002050396/guestbook-service/src/main/resources/application.properties: {}
student_01_455002050396/guestbook-service/src/main/resources/application.properties: {}
student_01_455002050396/guestbook-service/src/main/resources/application.properties: {}
student_01_455002050396/guestbook-service/src/main/resources/application.properties: {}
student_01_455002050396/guestbook-frontend/src/main/resources/application.properties: {}
student_01_455002050396/guestbook-frontend/src/main/resources/application.properties: Using EditorConfig core...
student_01_455002050396/guestbook-frontend/src/main/resources/application.properties: Using EditorConfig core...
student_01_455002050396/guestbook-frontend/src/main/resources/application.properties: Using EditorConfig core...
student_01_455002050396/guestbook-frontend/src/main/resources/application.properties: {}
